2020-01-05 11:11:46.967 [main] INFO  com.freedom.jlbatross.JlbatrossApplication - Starting JlbatrossApplication on WIN-7 with PID 7468 (D:\IdeaProjects\jlbatross\target\classes started by Administrator in D:\IdeaProjects\jlbatross)
2020-01-05 11:11:46.983 [main] INFO  com.freedom.jlbatross.JlbatrossApplication - No active profile set, falling back to default profiles: default
2020-01-05 11:11:47.077 [main] INFO  o.s.b.w.s.c.AnnotationConfigServletWebServerApplicationContext - Refreshing org.springframework.boot.web.servlet.context.AnnotationConfigServletWebServerApplicationContext@1a9c38eb: startup date [Sun Jan 05 11:11:47 GMT+13:00 2020]; root of context hierarchy
2020-01-05 11:11:47.903 [main] INFO  o.s.boot.web.embedded.tomcat.TomcatWebServer - Tomcat initialized with port(s): 8080 (http)
2020-01-05 11:11:47.919 [main] INFO  org.apache.coyote.http11.Http11NioProtocol - Initializing ProtocolHandler ["http-nio-8080"]
2020-01-05 11:11:47.919 [main] INFO  org.apache.catalina.core.StandardService - Starting service [Tomcat]
2020-01-05 11:11:47.919 [main] INFO  org.apache.catalina.core.StandardEngine - Starting Servlet Engine: Apache Tomcat/8.5.28
2020-01-05 11:11:47.919 [localhost-startStop-1] INFO  org.apache.catalina.core.AprLifecycleListener - The APR based Apache Tomcat Native library which allows optimal performance in production environments was not found on the java.library.path: [D:\workspace\Java\jdk1.8.0_161\bin;C:\windows\Sun\Java\bin;C:\windows\system32;C:\windows;D:\Program Files (x86)\NetSarang\Xshell 6\;C:\Program Files (x86)\Common Files\Oracle\Java\javapath;C:\ProgramData\Oracle\Java\javapath;C:\windows\system32;C:\windows;C:\windows\System32\Wbem;C:\windows\System32\WindowsPowerShell\v1.0\;D:\workspace\Java\jdk1.8.0_161\bin;D:\workspace\Java\jdk1.8.0_161\jre\bin;D:\workspace\apache-maven-3.3.9\bin;C:\Program Files (x86)\Microsoft SQL Server\100\Tools\Binn\;C:\Program Files\Microsoft SQL Server\100\Tools\Binn\;C:\Program Files\Microsoft SQL Server\100\DTS\Binn\;D:\Program Files\TortoiseGit\bin;D:\Program Files\Git\cmd;;.]
2020-01-05 11:11:47.997 [localhost-startStop-1] INFO  o.a.c.core.ContainerBase.[Tomcat].[localhost].[/] - Initializing Spring embedded WebApplicationContext
2020-01-05 11:11:47.997 [localhost-startStop-1] INFO  org.springframework.web.context.ContextLoader - Root WebApplicationContext: initialization completed in 983 ms
2020-01-05 11:11:48.106 [localhost-startStop-1] INFO  o.s.boot.web.servlet.ServletRegistrationBean - Servlet dispatcherServlet mapped to [/]
2020-01-05 11:11:48.122 [localhost-startStop-1] INFO  o.s.boot.web.servlet.FilterRegistrationBean - Mapping filter: 'characterEncodingFilter' to: [/*]
2020-01-05 11:11:48.122 [localhost-startStop-1] INFO  o.s.boot.web.servlet.FilterRegistrationBean - Mapping filter: 'hiddenHttpMethodFilter' to: [/*]
2020-01-05 11:11:48.122 [localhost-startStop-1] INFO  o.s.boot.web.servlet.FilterRegistrationBean - Mapping filter: 'httpPutFormContentFilter' to: [/*]
2020-01-05 11:11:48.122 [localhost-startStop-1] INFO  o.s.boot.web.servlet.FilterRegistrationBean - Mapping filter: 'requestContextFilter' to: [/*]
2020-01-05 11:11:48.434 [main] INFO  o.s.w.s.m.m.a.RequestMappingHandlerAdapter - Looking for @ControllerAdvice: org.springframework.boot.web.servlet.context.AnnotationConfigServletWebServerApplicationContext@1a9c38eb: startup date [Sun Jan 05 11:11:47 GMT+13:00 2020]; root of context hierarchy
2020-01-05 11:11:48.481 [main] INFO  o.s.w.s.m.m.a.RequestMappingHandlerMapping - Mapped "{[/],methods=[GET]}" onto public org.springframework.web.servlet.ModelAndView com.freedom.jlbatross.controller.JlbatrollController.console(org.springframework.web.servlet.ModelAndView)
2020-01-05 11:11:48.496 [main] INFO  o.s.w.s.m.m.a.RequestMappingHandlerMapping - Mapped "{[/automation],methods=[GET]}" onto public void com.freedom.jlbatross.controller.JlbatrollController.automation()
2020-01-05 11:11:48.496 [main] INFO  o.s.w.s.m.m.a.RequestMappingHandlerMapping - Mapped "{[/sendMst],methods=[GET]}" onto public void com.freedom.jlbatross.controller.JlbatrollController.sendMst(org.springframework.web.servlet.ModelAndView)
2020-01-05 11:11:48.496 [main] INFO  o.s.w.s.m.m.a.RequestMappingHandlerMapping - Mapped "{[/error]}" onto public org.springframework.http.ResponseEntity<java.util.Map<java.lang.String, java.lang.Object>> org.springframework.boot.autoconfigure.web.servlet.error.BasicErrorController.error(javax.servlet.http.HttpServletRequest)
2020-01-05 11:11:48.496 [main] INFO  o.s.w.s.m.m.a.RequestMappingHandlerMapping - Mapped "{[/error],produces=[text/html]}" onto public org.springframework.web.servlet.ModelAndView org.springframework.boot.autoconfigure.web.servlet.error.BasicErrorController.errorHtml(javax.servlet.http.HttpServletRequest,javax.servlet.http.HttpServletResponse)
2020-01-05 11:11:48.527 [main] INFO  o.s.web.servlet.handler.SimpleUrlHandlerMapping - Mapped URL path [/webjars/**] onto handler of type [class org.springframework.web.servlet.resource.ResourceHttpRequestHandler]
2020-01-05 11:11:48.527 [main] INFO  o.s.web.servlet.handler.SimpleUrlHandlerMapping - Mapped URL path [/**] onto handler of type [class org.springframework.web.servlet.resource.ResourceHttpRequestHandler]
2020-01-05 11:11:48.559 [main] INFO  o.s.web.servlet.handler.SimpleUrlHandlerMapping - Mapped URL path [/**/favicon.ico] onto handler of type [class org.springframework.web.servlet.resource.ResourceHttpRequestHandler]
2020-01-05 11:11:48.668 [main] INFO  o.s.w.servlet.view.freemarker.FreeMarkerConfigurer - ClassTemplateLoader for Spring macros added to FreeMarker configuration
2020-01-05 11:11:48.824 [main] INFO  o.s.jmx.export.annotation.AnnotationMBeanExporter - Registering beans for JMX exposure on startup
2020-01-05 11:11:48.839 [main] INFO  org.apache.coyote.http11.Http11NioProtocol - Starting ProtocolHandler ["http-nio-8080"]
2020-01-05 11:11:48.839 [main] INFO  org.apache.tomcat.util.net.NioSelectorPool - Using a shared selector for servlet write/read
2020-01-05 11:11:48.855 [main] INFO  o.s.boot.web.embedded.tomcat.TomcatWebServer - Tomcat started on port(s): 8080 (http) with context path ''
2020-01-05 11:11:48.855 [main] INFO  com.freedom.jlbatross.JlbatrossApplication - Started JlbatrossApplication in 2.512 seconds (JVM running for 3.597)
2020-01-05 11:12:06.223 [http-nio-8080-exec-1] INFO  o.a.c.core.ContainerBase.[Tomcat].[localhost].[/] - Initializing Spring FrameworkServlet 'dispatcherServlet'
2020-01-05 11:12:06.223 [http-nio-8080-exec-1] INFO  org.springframework.web.servlet.DispatcherServlet - FrameworkServlet 'dispatcherServlet': initialization started
2020-01-05 11:12:06.243 [http-nio-8080-exec-1] INFO  org.springframework.web.servlet.DispatcherServlet - FrameworkServlet 'dispatcherServlet': initialization completed in 19 ms
2020-01-05 11:12:06.408 [nioEventLoopGroup-3-1] INFO  c.f.jlbatross.config.netty.WebSocketServerHandler - 客户端加入连接：[id: 0x78eb3853, /0:0:0:0:0:0:0:1:51095 => /0:0:0:0:0:0:0:1:8081]
2020-01-05 11:20:14.614 [nioEventLoopGroup-3-2] INFO  c.f.jlbatross.config.netty.WebSocketServerHandler - 客户端加入连接：[id: 0x164d7494, /0:0:0:0:0:0:0:1:51572 => /0:0:0:0:0:0:0:1:8081]
2020-01-05 11:21:09.111 [nioEventLoopGroup-3-3] INFO  c.f.jlbatross.config.netty.WebSocketServerHandler - 客户端加入连接：[id: 0xc6c1c693, /0:0:0:0:0:0:0:1:51716 => /0:0:0:0:0:0:0:1:8081]
2020-01-05 11:21:21.947 [nioEventLoopGroup-3-4] INFO  c.f.jlbatross.config.netty.WebSocketServerHandler - 客户端加入连接：[id: 0xa37a9efc, /0:0:0:0:0:0:0:1:51725 => /0:0:0:0:0:0:0:1:8081]
2020-01-05 11:22:06.424 [nioEventLoopGroup-3-5] INFO  c.f.jlbatross.config.netty.WebSocketServerHandler - 客户端加入连接：[id: 0x2a5bf00a, /0:0:0:0:0:0:0:1:51775 => /0:0:0:0:0:0:0:1:8081]
2020-01-05 11:24:16.404 [nioEventLoopGroup-3-6] INFO  c.f.jlbatross.config.netty.WebSocketServerHandler - 客户端加入连接：[id: 0x13a0a4d0, /0:0:0:0:0:0:0:1:51936 => /0:0:0:0:0:0:0:1:8081]
2020-01-05 11:24:46.438 [nioEventLoopGroup-3-7] INFO  c.f.jlbatross.config.netty.WebSocketServerHandler - 客户端加入连接：[id: 0xe52ae1e0, /0:0:0:0:0:0:0:1:51967 => /0:0:0:0:0:0:0:1:8081]
2020-01-05 11:24:48.799 [nioEventLoopGroup-3-8] INFO  c.f.jlbatross.config.netty.WebSocketServerHandler - 客户端加入连接：[id: 0x2cd942e7, /0:0:0:0:0:0:0:1:51971 => /0:0:0:0:0:0:0:1:8081]
2020-01-05 11:27:32.074 [nioEventLoopGroup-3-1] INFO  c.f.jlbatross.config.netty.WebSocketServerHandler - 客户端加入连接：[id: 0x04b24dd3, /0:0:0:0:0:0:0:1:52191 => /0:0:0:0:0:0:0:1:8081]
2020-01-05 11:28:13.986 [nioEventLoopGroup-3-2] INFO  c.f.jlbatross.config.netty.WebSocketServerHandler - 客户端加入连接：[id: 0xad423004, /0:0:0:0:0:0:0:1:52208 => /0:0:0:0:0:0:0:1:8081]
2020-01-05 11:28:28.387 [nioEventLoopGroup-3-3] INFO  c.f.jlbatross.config.netty.WebSocketServerHandler - 客户端加入连接：[id: 0x8483bdfe, /0:0:0:0:0:0:0:1:52214 => /0:0:0:0:0:0:0:1:8081]
2020-01-05 11:28:39.515 [nioEventLoopGroup-3-4] INFO  c.f.jlbatross.config.netty.WebSocketServerHandler - 客户端加入连接：[id: 0x7ccf7c1c, /0:0:0:0:0:0:0:1:52232 => /0:0:0:0:0:0:0:1:8081]
2020-01-05 11:29:27.454 [nioEventLoopGroup-3-5] INFO  c.f.jlbatross.config.netty.WebSocketServerHandler - 客户端加入连接：[id: 0x5fa5998a, /0:0:0:0:0:0:0:1:52373 => /0:0:0:0:0:0:0:1:8081]
2020-01-05 11:31:15.949 [nioEventLoopGroup-3-6] INFO  c.f.jlbatross.config.netty.WebSocketServerHandler - 客户端加入连接：[id: 0x31693280, /0:0:0:0:0:0:0:1:52618 => /0:0:0:0:0:0:0:1:8081]
2020-01-05 11:33:18.077 [nioEventLoopGroup-3-7] INFO  c.f.jlbatross.config.netty.WebSocketServerHandler - 客户端加入连接：[id: 0x06eefc95, /0:0:0:0:0:0:0:1:52802 => /0:0:0:0:0:0:0:1:8081]
2020-01-05 11:33:51.100 [nioEventLoopGroup-3-8] INFO  c.f.jlbatross.config.netty.WebSocketServerHandler - 客户端加入连接：[id: 0x2fe48795, /0:0:0:0:0:0:0:1:52811 => /0:0:0:0:0:0:0:1:8081]
2020-01-05 11:33:54.475 [nioEventLoopGroup-3-1] INFO  c.f.jlbatross.config.netty.WebSocketServerHandler - 客户端加入连接：[id: 0x47ee42d3, /0:0:0:0:0:0:0:1:52815 => /0:0:0:0:0:0:0:1:8081]
2020-01-05 11:35:13.061 [nioEventLoopGroup-3-2] INFO  c.f.jlbatross.config.netty.WebSocketServerHandler - 客户端加入连接：[id: 0x00dcef10, /0:0:0:0:0:0:0:1:53026 => /0:0:0:0:0:0:0:1:8081]
2020-01-05 11:37:45.277 [nioEventLoopGroup-3-3] INFO  c.f.jlbatross.config.netty.WebSocketServerHandler - 客户端加入连接：[id: 0xb28e43b7, /0:0:0:0:0:0:0:1:53239 => /0:0:0:0:0:0:0:1:8081]
2020-01-05 11:37:59.324 [nioEventLoopGroup-3-4] INFO  c.f.jlbatross.config.netty.WebSocketServerHandler - 客户端加入连接：[id: 0xecd845c2, /0:0:0:0:0:0:0:1:53241 => /0:0:0:0:0:0:0:1:8081]
2020-01-05 11:38:22.375 [nioEventLoopGroup-3-5] INFO  c.f.jlbatross.config.netty.WebSocketServerHandler - 客户端加入连接：[id: 0x83c1902a, /0:0:0:0:0:0:0:1:53351 => /0:0:0:0:0:0:0:1:8081]
2020-01-05 11:38:34.319 [nioEventLoopGroup-3-6] INFO  c.f.jlbatross.config.netty.WebSocketServerHandler - 客户端加入连接：[id: 0x555a5280, /0:0:0:0:0:0:0:1:53359 => /0:0:0:0:0:0:0:1:8081]
2020-01-05 11:39:13.042 [nioEventLoopGroup-3-7] INFO  c.f.jlbatross.config.netty.WebSocketServerHandler - 客户端加入连接：[id: 0x1493d510, /0:0:0:0:0:0:0:1:53436 => /0:0:0:0:0:0:0:1:8081]
2020-01-05 11:39:34.694 [nioEventLoopGroup-3-8] INFO  c.f.jlbatross.config.netty.WebSocketServerHandler - 客户端加入连接：[id: 0xdce953ac, /0:0:0:0:0:0:0:1:53445 => /0:0:0:0:0:0:0:1:8081]
2020-01-05 11:39:41.519 [nioEventLoopGroup-3-1] INFO  c.f.jlbatross.config.netty.WebSocketServerHandler - 客户端加入连接：[id: 0x2870ab37, /0:0:0:0:0:0:0:1:53447 => /0:0:0:0:0:0:0:1:8081]
2020-01-05 11:40:20.444 [nioEventLoopGroup-3-2] INFO  c.f.jlbatross.config.netty.WebSocketServerHandler - 客户端加入连接：[id: 0x10cfab62, /0:0:0:0:0:0:0:1:53564 => /0:0:0:0:0:0:0:1:8081]
2020-01-05 11:40:28.905 [nioEventLoopGroup-3-3] INFO  c.f.jlbatross.config.netty.WebSocketServerHandler - 客户端加入连接：[id: 0x4579e45c, /0:0:0:0:0:0:0:1:53569 => /0:0:0:0:0:0:0:1:8081]
2020-01-05 11:41:12.372 [nioEventLoopGroup-3-4] INFO  c.f.jlbatross.config.netty.WebSocketServerHandler - 客户端加入连接：[id: 0xba01125c, /0:0:0:0:0:0:0:1:53657 => /0:0:0:0:0:0:0:1:8081]
2020-01-05 11:41:18.681 [nioEventLoopGroup-3-5] INFO  c.f.jlbatross.config.netty.WebSocketServerHandler - 客户端加入连接：[id: 0xb9fb9e66, /0:0:0:0:0:0:0:1:53659 => /0:0:0:0:0:0:0:1:8081]
2020-01-05 11:42:20.068 [nioEventLoopGroup-3-6] INFO  c.f.jlbatross.config.netty.WebSocketServerHandler - 客户端加入连接：[id: 0x5b359a0e, /0:0:0:0:0:0:0:1:53798 => /0:0:0:0:0:0:0:1:8081]
2020-01-05 11:43:35.138 [nioEventLoopGroup-3-7] INFO  c.f.jlbatross.config.netty.WebSocketServerHandler - 客户端加入连接：[id: 0xc1b46118, /0:0:0:0:0:0:0:1:54032 => /0:0:0:0:0:0:0:1:8081]
2020-01-05 11:44:03.544 [nioEventLoopGroup-3-8] INFO  c.f.jlbatross.config.netty.WebSocketServerHandler - 客户端加入连接：[id: 0xd78e407d, /0:0:0:0:0:0:0:1:54042 => /0:0:0:0:0:0:0:1:8081]
2020-01-05 11:44:41.628 [nioEventLoopGroup-3-1] INFO  c.f.jlbatross.config.netty.WebSocketServerHandler - 客户端加入连接：[id: 0x315e17b7, /0:0:0:0:0:0:0:1:54160 => /0:0:0:0:0:0:0:1:8081]
2020-01-05 11:44:59.559 [nioEventLoopGroup-3-2] INFO  c.f.jlbatross.config.netty.WebSocketServerHandler - 客户端加入连接：[id: 0xbbb87ce9, /0:0:0:0:0:0:0:1:54182 => /0:0:0:0:0:0:0:1:8081]
2020-01-05 11:45:40.640 [nioEventLoopGroup-3-3] INFO  c.f.jlbatross.config.netty.WebSocketServerHandler - 客户端加入连接：[id: 0x1e49277c, /0:0:0:0:0:0:0:1:54254 => /0:0:0:0:0:0:0:1:8081]
2020-01-05 11:46:25.887 [nioEventLoopGroup-3-4] INFO  c.f.jlbatross.config.netty.WebSocketServerHandler - 客户端加入连接：[id: 0x7c3d0a40, /0:0:0:0:0:0:0:1:54366 => /0:0:0:0:0:0:0:1:8081]
2020-01-05 11:47:27.850 [nioEventLoopGroup-3-5] INFO  c.f.jlbatross.config.netty.WebSocketServerHandler - 客户端加入连接：[id: 0xec6504d2, /0:0:0:0:0:0:0:1:54440 => /0:0:0:0:0:0:0:1:8081]
2020-01-05 11:47:47.614 [nioEventLoopGroup-3-6] INFO  c.f.jlbatross.config.netty.WebSocketServerHandler - 客户端加入连接：[id: 0x5b55dcea, /0:0:0:0:0:0:0:1:54455 => /0:0:0:0:0:0:0:1:8081]
2020-01-05 11:47:58.696 [nioEventLoopGroup-3-7] INFO  c.f.jlbatross.config.netty.WebSocketServerHandler - 客户端加入连接：[id: 0x5705cca7, /0:0:0:0:0:0:0:1:54459 => /0:0:0:0:0:0:0:1:8081]
2020-01-05 11:48:25.878 [nioEventLoopGroup-3-8] INFO  c.f.jlbatross.config.netty.WebSocketServerHandler - 客户端加入连接：[id: 0xdc45b37f, /0:0:0:0:0:0:0:1:54566 => /0:0:0:0:0:0:0:1:8081]
2020-01-05 11:48:40.482 [nioEventLoopGroup-3-1] INFO  c.f.jlbatross.config.netty.WebSocketServerHandler - 客户端加入连接：[id: 0xff395c5e, /0:0:0:0:0:0:0:1:54574 => /0:0:0:0:0:0:0:1:8081]
2020-01-05 11:48:50.383 [nioEventLoopGroup-3-2] INFO  c.f.jlbatross.config.netty.WebSocketServerHandler - 客户端加入连接：[id: 0xdf459e5a, /0:0:0:0:0:0:0:1:54586 => /0:0:0:0:0:0:0:1:8081]
2020-01-05 11:49:29.080 [nioEventLoopGroup-3-3] INFO  c.f.jlbatross.config.netty.WebSocketServerHandler - 客户端加入连接：[id: 0x3bc97a1c, /0:0:0:0:0:0:0:1:54652 => /0:0:0:0:0:0:0:1:8081]
2020-01-05 11:50:05.500 [nioEventLoopGroup-3-4] INFO  c.f.jlbatross.config.netty.WebSocketServerHandler - 客户端加入连接：[id: 0xe3f94025, /0:0:0:0:0:0:0:1:54665 => /0:0:0:0:0:0:0:1:8081]
2020-01-05 11:50:40.860 [nioEventLoopGroup-3-5] INFO  c.f.jlbatross.config.netty.WebSocketServerHandler - 客户端加入连接：[id: 0xc5bda892, /0:0:0:0:0:0:0:1:54777 => /0:0:0:0:0:0:0:1:8081]
2020-01-05 11:51:04.168 [nioEventLoopGroup-3-6] INFO  c.f.jlbatross.config.netty.WebSocketServerHandler - 客户端加入连接：[id: 0x70bef9da, /0:0:0:0:0:0:0:1:54835 => /0:0:0:0:0:0:0:1:8081]
2020-01-05 11:52:01.402 [nioEventLoopGroup-3-7] INFO  c.f.jlbatross.config.netty.WebSocketServerHandler - 客户端加入连接：[id: 0xbecc8c6d, /0:0:0:0:0:0:0:1:54861 => /0:0:0:0:0:0:0:1:8081]
2020-01-05 11:52:10.332 [nioEventLoopGroup-3-8] INFO  c.f.jlbatross.config.netty.WebSocketServerHandler - 客户端加入连接：[id: 0x4ac5becc, /0:0:0:0:0:0:0:1:54868 => /0:0:0:0:0:0:0:1:8081]
2020-01-05 11:52:39.229 [nioEventLoopGroup-3-1] INFO  c.f.jlbatross.config.netty.WebSocketServerHandler - 客户端加入连接：[id: 0xdea1270b, /0:0:0:0:0:0:0:1:54984 => /0:0:0:0:0:0:0:1:8081]
2020-01-05 11:52:54.408 [nioEventLoopGroup-3-2] INFO  c.f.jlbatross.config.netty.WebSocketServerHandler - 客户端加入连接：[id: 0x022581aa, /0:0:0:0:0:0:0:1:54994 => /0:0:0:0:0:0:0:1:8081]
2020-01-05 11:54:10.120 [nioEventLoopGroup-3-3] INFO  c.f.jlbatross.config.netty.WebSocketServerHandler - 客户端加入连接：[id: 0xae36e935, /0:0:0:0:0:0:0:1:55072 => /0:0:0:0:0:0:0:1:8081]
2020-01-05 11:55:10.407 [nioEventLoopGroup-3-4] INFO  c.f.jlbatross.config.netty.WebSocketServerHandler - 客户端加入连接：[id: 0x7e6219a7, /0:0:0:0:0:0:0:1:55247 => /0:0:0:0:0:0:0:1:8081]
2020-01-05 11:57:08.206 [nioEventLoopGroup-3-5] INFO  c.f.jlbatross.config.netty.WebSocketServerHandler - 客户端加入连接：[id: 0xf4e491e0, /0:0:0:0:0:0:0:1:55428 => /0:0:0:0:0:0:0:1:8081]
2020-01-05 11:57:43.998 [nioEventLoopGroup-3-6] INFO  c.f.jlbatross.config.netty.WebSocketServerHandler - 客户端加入连接：[id: 0x1faab727, /0:0:0:0:0:0:0:1:55587 => /0:0:0:0:0:0:0:1:8081]
2020-01-05 11:58:38.589 [nioEventLoopGroup-3-7] INFO  c.f.jlbatross.config.netty.WebSocketServerHandler - 客户端加入连接：[id: 0x02f1404a, /0:0:0:0:0:0:0:1:55783 => /0:0:0:0:0:0:0:1:8081]
2020-01-05 11:58:50.892 [nioEventLoopGroup-3-8] INFO  c.f.jlbatross.config.netty.WebSocketServerHandler - 客户端加入连接：[id: 0x666b91a1, /0:0:0:0:0:0:0:1:55797 => /0:0:0:0:0:0:0:1:8081]
2020-01-05 11:59:15.527 [nioEventLoopGroup-3-1] INFO  c.f.jlbatross.config.netty.WebSocketServerHandler - 客户端加入连接：[id: 0x43b9e5f3, /0:0:0:0:0:0:0:1:55868 => /0:0:0:0:0:0:0:1:8081]
2020-01-05 11:59:17.349 [nioEventLoopGroup-3-2] INFO  c.f.jlbatross.config.netty.WebSocketServerHandler - 客户端加入连接：[id: 0xcf34f495, /0:0:0:0:0:0:0:1:55869 => /0:0:0:0:0:0:0:1:8081]
2020-01-05 11:59:18.644 [nioEventLoopGroup-3-3] INFO  c.f.jlbatross.config.netty.WebSocketServerHandler - 客户端加入连接：[id: 0x24acac33, /0:0:0:0:0:0:0:1:55870 => /0:0:0:0:0:0:0:1:8081]
2020-01-05 12:01:00.218 [nioEventLoopGroup-3-4] INFO  c.f.jlbatross.config.netty.WebSocketServerHandler - 客户端加入连接：[id: 0xb8bd47c6, /0:0:0:0:0:0:0:1:56068 => /0:0:0:0:0:0:0:1:8081]
2020-01-05 12:01:02.139 [nioEventLoopGroup-3-5] INFO  c.f.jlbatross.config.netty.WebSocketServerHandler - 客户端加入连接：[id: 0x8569ba89, /0:0:0:0:0:0:0:1:56069 => /0:0:0:0:0:0:0:1:8081]
2020-01-05 12:01:16.824 [nioEventLoopGroup-3-6] INFO  c.f.jlbatross.config.netty.WebSocketServerHandler - 客户端加入连接：[id: 0x6924af1e, /0:0:0:0:0:0:0:1:56127 => /0:0:0:0:0:0:0:1:8081]
2020-01-05 12:03:14.841 [nioEventLoopGroup-3-7] INFO  c.f.jlbatross.config.netty.WebSocketServerHandler - 客户端加入连接：[id: 0xc2df65d7, /0:0:0:0:0:0:0:1:56402 => /0:0:0:0:0:0:0:1:8081]
2020-01-05 12:03:15.948 [nioEventLoopGroup-3-8] INFO  c.f.jlbatross.config.netty.WebSocketServerHandler - 客户端加入连接：[id: 0x286c78e2, /0:0:0:0:0:0:0:1:56406 => /0:0:0:0:0:0:0:1:8081]
2020-01-05 12:03:42.821 [nioEventLoopGroup-3-1] INFO  c.f.jlbatross.config.netty.WebSocketServerHandler - 客户端加入连接：[id: 0xc57dfe1d, /0:0:0:0:0:0:0:1:56426 => /0:0:0:0:0:0:0:1:8081]
2020-01-05 12:04:50.777 [nioEventLoopGroup-3-2] INFO  c.f.jlbatross.config.netty.WebSocketServerHandler - 客户端加入连接：[id: 0x659d551b, /0:0:0:0:0:0:0:1:56559 => /0:0:0:0:0:0:0:1:8081]
2020-01-05 12:06:21.170 [nioEventLoopGroup-3-3] INFO  c.f.jlbatross.config.netty.WebSocketServerHandler - 客户端加入连接：[id: 0x932c7f77, /0:0:0:0:0:0:0:1:56784 => /0:0:0:0:0:0:0:1:8081]
2020-01-05 12:07:08.249 [nioEventLoopGroup-3-4] INFO  c.f.jlbatross.config.netty.WebSocketServerHandler - 客户端加入连接：[id: 0x9ada4f67, /0:0:0:0:0:0:0:1:56872 => /0:0:0:0:0:0:0:1:8081]
2020-01-05 12:07:18.695 [nioEventLoopGroup-3-5] INFO  c.f.jlbatross.config.netty.WebSocketServerHandler - 客户端加入连接：[id: 0x321b2c70, /0:0:0:0:0:0:0:1:56877 => /0:0:0:0:0:0:0:1:8081]
2020-01-05 12:08:03.075 [nioEventLoopGroup-3-6] INFO  c.f.jlbatross.config.netty.WebSocketServerHandler - 客户端加入连接：[id: 0xd8874c91, /0:0:0:0:0:0:0:1:56909 => /0:0:0:0:0:0:0:1:8081]
2020-01-05 12:21:51.216 [Thread-8] INFO  o.s.b.w.s.c.AnnotationConfigServletWebServerApplicationContext - Closing org.springframework.boot.web.servlet.context.AnnotationConfigServletWebServerApplicationContext@1a9c38eb: startup date [Sun Jan 05 11:11:47 GMT+13:00 2020]; root of context hierarchy
2020-01-05 12:21:51.216 [Thread-8] INFO  o.s.jmx.export.annotation.AnnotationMBeanExporter - Unregistering JMX-exposed beans on shutdown
2020-01-05 19:56:47.827 [main] INFO  com.freedom.jlbatross.JlbatrossApplication - Starting JlbatrossApplication on WIN-7 with PID 8688 (D:\IdeaProjects\jlbatross\target\classes started by Administrator in D:\IdeaProjects\jlbatross)
2020-01-05 19:56:47.831 [main] INFO  com.freedom.jlbatross.JlbatrossApplication - No active profile set, falling back to default profiles: default
2020-01-05 19:56:47.915 [main] INFO  o.s.b.w.s.c.AnnotationConfigServletWebServerApplicationContext - Refreshing org.springframework.boot.web.servlet.context.AnnotationConfigServletWebServerApplicationContext@5e81e5ac: startup date [Sun Jan 05 19:56:47 GMT+13:00 2020]; root of context hierarchy
2020-01-05 19:56:49.028 [main] INFO  o.s.boot.web.embedded.tomcat.TomcatWebServer - Tomcat initialized with port(s): 8080 (http)
2020-01-05 19:56:49.046 [main] INFO  org.apache.coyote.http11.Http11NioProtocol - Initializing ProtocolHandler ["http-nio-8080"]
2020-01-05 19:56:49.054 [main] INFO  org.apache.catalina.core.StandardService - Starting service [Tomcat]
2020-01-05 19:56:49.054 [main] INFO  org.apache.catalina.core.StandardEngine - Starting Servlet Engine: Apache Tomcat/8.5.28
2020-01-05 19:56:49.059 [localhost-startStop-1] INFO  org.apache.catalina.core.AprLifecycleListener - The APR based Apache Tomcat Native library which allows optimal performance in production environments was not found on the java.library.path: [D:\workspace\Java\jdk1.8.0_161\bin;C:\windows\Sun\Java\bin;C:\windows\system32;C:\windows;D:\Program Files (x86)\NetSarang\Xshell 6\;C:\Program Files (x86)\Common Files\Oracle\Java\javapath;C:\ProgramData\Oracle\Java\javapath;C:\windows\system32;C:\windows;C:\windows\System32\Wbem;C:\windows\System32\WindowsPowerShell\v1.0\;D:\workspace\Java\jdk1.8.0_161\bin;D:\workspace\Java\jdk1.8.0_161\jre\bin;D:\workspace\apache-maven-3.3.9\bin;C:\Program Files (x86)\Microsoft SQL Server\100\Tools\Binn\;C:\Program Files\Microsoft SQL Server\100\Tools\Binn\;C:\Program Files\Microsoft SQL Server\100\DTS\Binn\;D:\Program Files\TortoiseGit\bin;D:\Program Files\Git\cmd;;.]
2020-01-05 19:56:49.154 [localhost-startStop-1] INFO  o.a.c.core.ContainerBase.[Tomcat].[localhost].[/] - Initializing Spring embedded WebApplicationContext
2020-01-05 19:56:49.154 [localhost-startStop-1] INFO  org.springframework.web.context.ContextLoader - Root WebApplicationContext: initialization completed in 1239 ms
2020-01-05 19:56:49.285 [localhost-startStop-1] INFO  o.s.boot.web.servlet.ServletRegistrationBean - Servlet dispatcherServlet mapped to [/]
2020-01-05 19:56:49.289 [localhost-startStop-1] INFO  o.s.boot.web.servlet.FilterRegistrationBean - Mapping filter: 'characterEncodingFilter' to: [/*]
2020-01-05 19:56:49.289 [localhost-startStop-1] INFO  o.s.boot.web.servlet.FilterRegistrationBean - Mapping filter: 'hiddenHttpMethodFilter' to: [/*]
2020-01-05 19:56:49.289 [localhost-startStop-1] INFO  o.s.boot.web.servlet.FilterRegistrationBean - Mapping filter: 'httpPutFormContentFilter' to: [/*]
2020-01-05 19:56:49.289 [localhost-startStop-1] INFO  o.s.boot.web.servlet.FilterRegistrationBean - Mapping filter: 'requestContextFilter' to: [/*]
2020-01-05 19:56:49.658 [main] INFO  o.s.w.s.m.m.a.RequestMappingHandlerAdapter - Looking for @ControllerAdvice: org.springframework.boot.web.servlet.context.AnnotationConfigServletWebServerApplicationContext@5e81e5ac: startup date [Sun Jan 05 19:56:47 GMT+13:00 2020]; root of context hierarchy
2020-01-05 19:56:49.726 [main] INFO  o.s.w.s.m.m.a.RequestMappingHandlerMapping - Mapped "{[/],methods=[GET]}" onto public org.springframework.web.servlet.ModelAndView com.freedom.jlbatross.controller.JlbatrollController.console(org.springframework.web.servlet.ModelAndView)
2020-01-05 19:56:49.727 [main] INFO  o.s.w.s.m.m.a.RequestMappingHandlerMapping - Mapped "{[/automation],methods=[GET]}" onto public void com.freedom.jlbatross.controller.JlbatrollController.automation()
2020-01-05 19:56:49.727 [main] INFO  o.s.w.s.m.m.a.RequestMappingHandlerMapping - Mapped "{[/deploy],methods=[GET]}" onto public void com.freedom.jlbatross.controller.JlbatrollController.sendMst(org.springframework.web.servlet.ModelAndView)
2020-01-05 19:56:49.731 [main] INFO  o.s.w.s.m.m.a.RequestMappingHandlerMapping - Mapped "{[/error]}" onto public org.springframework.http.ResponseEntity<java.util.Map<java.lang.String, java.lang.Object>> org.springframework.boot.autoconfigure.web.servlet.error.BasicErrorController.error(javax.servlet.http.HttpServletRequest)
2020-01-05 19:56:49.732 [main] INFO  o.s.w.s.m.m.a.RequestMappingHandlerMapping - Mapped "{[/error],produces=[text/html]}" onto public org.springframework.web.servlet.ModelAndView org.springframework.boot.autoconfigure.web.servlet.error.BasicErrorController.errorHtml(javax.servlet.http.HttpServletRequest,javax.servlet.http.HttpServletResponse)
2020-01-05 19:56:49.762 [main] INFO  o.s.web.servlet.handler.SimpleUrlHandlerMapping - Mapped URL path [/webjars/**] onto handler of type [class org.springframework.web.servlet.resource.ResourceHttpRequestHandler]
2020-01-05 19:56:49.762 [main] INFO  o.s.web.servlet.handler.SimpleUrlHandlerMapping - Mapped URL path [/**] onto handler of type [class org.springframework.web.servlet.resource.ResourceHttpRequestHandler]
2020-01-05 19:56:49.797 [main] INFO  o.s.web.servlet.handler.SimpleUrlHandlerMapping - Mapped URL path [/**/favicon.ico] onto handler of type [class org.springframework.web.servlet.resource.ResourceHttpRequestHandler]
2020-01-05 19:56:49.954 [main] INFO  o.s.w.servlet.view.freemarker.FreeMarkerConfigurer - ClassTemplateLoader for Spring macros added to FreeMarker configuration
2020-01-05 19:56:50.112 [main] INFO  o.s.jmx.export.annotation.AnnotationMBeanExporter - Registering beans for JMX exposure on startup
2020-01-05 19:56:50.124 [main] INFO  org.apache.coyote.http11.Http11NioProtocol - Starting ProtocolHandler ["http-nio-8080"]
2020-01-05 19:56:50.126 [main] INFO  org.apache.tomcat.util.net.NioSelectorPool - Using a shared selector for servlet write/read
2020-01-05 19:56:50.146 [main] INFO  o.s.boot.web.embedded.tomcat.TomcatWebServer - Tomcat started on port(s): 8080 (http) with context path ''
2020-01-05 19:56:50.149 [main] INFO  com.freedom.jlbatross.JlbatrossApplication - Started JlbatrossApplication in 2.93 seconds (JVM running for 5.751)
2020-01-05 19:57:12.323 [http-nio-8080-exec-1] INFO  o.a.c.core.ContainerBase.[Tomcat].[localhost].[/] - Initializing Spring FrameworkServlet 'dispatcherServlet'
2020-01-05 19:57:12.324 [http-nio-8080-exec-1] INFO  org.springframework.web.servlet.DispatcherServlet - FrameworkServlet 'dispatcherServlet': initialization started
2020-01-05 19:57:12.347 [http-nio-8080-exec-1] INFO  org.springframework.web.servlet.DispatcherServlet - FrameworkServlet 'dispatcherServlet': initialization completed in 23 ms
2020-01-05 19:57:17.279 [nioEventLoopGroup-3-1] INFO  c.f.jlbatross.config.netty.WebSocketServerHandler - 客户端加入连接：[id: 0x5f4e8d78, /0:0:0:0:0:0:0:1:63785 => /0:0:0:0:0:0:0:1:8081]
2020-01-05 19:58:52.129 [http-nio-8080-exec-9] ERROR o.a.c.c.C.[.[localhost].[/].[dispatcherServlet] - Servlet.service() for servlet [dispatcherServlet] in context with path [] threw exception [Request processing failed; nested exception is java.lang.IllegalStateException: The connection is not authenticated.] with root cause
java.lang.IllegalStateException: The connection is not authenticated.
	at ch.ethz.ssh2.Connection.checkConnection(Connection.java:1321)
	at ch.ethz.ssh2.Connection.openSession(Connection.java:1045)
	at ch.ethz.ssh2.SCPClient.put(SCPClient.java:200)
	at com.freedom.jlbatross.service.GanymedService.putFile(GanymedService.java:103)
	at com.freedom.jlbatross.service.GanymedService.deploy(GanymedService.java:113)
	at com.freedom.jlbatross.controller.JlbatrollController.sendMst(JlbatrollController.java:43)
	at sun.reflect.NativeMethodAccessorImpl.invoke0(Native Method)
	at sun.reflect.NativeMethodAccessorImpl.invoke(NativeMethodAccessorImpl.java:62)
	at sun.reflect.DelegatingMethodAccessorImpl.invoke(DelegatingMethodAccessorImpl.java:43)
	at java.lang.reflect.Method.invoke(Method.java:498)
	at org.springframework.web.method.support.InvocableHandlerMethod.doInvoke(InvocableHandlerMethod.java:209)
	at org.springframework.web.method.support.InvocableHandlerMethod.invokeForRequest(InvocableHandlerMethod.java:136)
	at org.springframework.web.servlet.mvc.method.annotation.ServletInvocableHandlerMethod.invokeAndHandle(ServletInvocableHandlerMethod.java:102)
	at org.springframework.web.servlet.mvc.method.annotation.RequestMappingHandlerAdapter.invokeHandlerMethod(RequestMappingHandlerAdapter.java:870)
	at org.springframework.web.servlet.mvc.method.annotation.RequestMappingHandlerAdapter.handleInternal(RequestMappingHandlerAdapter.java:776)
	at org.springframework.web.servlet.mvc.method.AbstractHandlerMethodAdapter.handle(AbstractHandlerMethodAdapter.java:87)
	at org.springframework.web.servlet.DispatcherServlet.doDispatch(DispatcherServlet.java:991)
	at org.springframework.web.servlet.DispatcherServlet.doService(DispatcherServlet.java:925)
	at org.springframework.web.servlet.FrameworkServlet.processRequest(FrameworkServlet.java:978)
	at org.springframework.web.servlet.FrameworkServlet.doGet(FrameworkServlet.java:870)
	at javax.servlet.http.HttpServlet.service(HttpServlet.java:635)
	at org.springframework.web.servlet.FrameworkServlet.service(FrameworkServlet.java:855)
	at javax.servlet.http.HttpServlet.service(HttpServlet.java:742)
	at org.apache.catalina.core.ApplicationFilterChain.internalDoFilter(ApplicationFilterChain.java:231)
	at org.apache.catalina.core.ApplicationFilterChain.doFilter(ApplicationFilterChain.java:166)
	at org.apache.tomcat.websocket.server.WsFilter.doFilter(WsFilter.java:52)
	at org.apache.catalina.core.ApplicationFilterChain.internalDoFilter(ApplicationFilterChain.java:193)
	at org.apache.catalina.core.ApplicationFilterChain.doFilter(ApplicationFilterChain.java:166)
	at org.springframework.web.filter.RequestContextFilter.doFilterInternal(RequestContextFilter.java:99)
	at org.springframework.web.filter.OncePerRequestFilter.doFilter(OncePerRequestFilter.java:107)
	at org.apache.catalina.core.ApplicationFilterChain.internalDoFilter(ApplicationFilterChain.java:193)
	at org.apache.catalina.core.ApplicationFilterChain.doFilter(ApplicationFilterChain.java:166)
	at org.springframework.web.filter.HttpPutFormContentFilter.doFilterInternal(HttpPutFormContentFilter.java:109)
	at org.springframework.web.filter.OncePerRequestFilter.doFilter(OncePerRequestFilter.java:107)
	at org.apache.catalina.core.ApplicationFilterChain.internalDoFilter(ApplicationFilterChain.java:193)
	at org.apache.catalina.core.ApplicationFilterChain.doFilter(ApplicationFilterChain.java:166)
	at org.springframework.web.filter.HiddenHttpMethodFilter.doFilterInternal(HiddenHttpMethodFilter.java:81)
	at org.springframework.web.filter.OncePerRequestFilter.doFilter(OncePerRequestFilter.java:107)
	at org.apache.catalina.core.ApplicationFilterChain.internalDoFilter(ApplicationFilterChain.java:193)
	at org.apache.catalina.core.ApplicationFilterChain.doFilter(ApplicationFilterChain.java:166)
	at org.springframework.web.filter.CharacterEncodingFilter.doFilterInternal(CharacterEncodingFilter.java:200)
	at org.springframework.web.filter.OncePerRequestFilter.doFilter(OncePerRequestFilter.java:107)
	at org.apache.catalina.core.ApplicationFilterChain.internalDoFilter(ApplicationFilterChain.java:193)
	at org.apache.catalina.core.ApplicationFilterChain.doFilter(ApplicationFilterChain.java:166)
	at org.apache.catalina.core.StandardWrapperValve.invoke(StandardWrapperValve.java:199)
	at org.apache.catalina.core.StandardContextValve.invoke(StandardContextValve.java:96)
	at org.apache.catalina.authenticator.AuthenticatorBase.invoke(AuthenticatorBase.java:496)
	at org.apache.catalina.core.StandardHostValve.invoke(StandardHostValve.java:140)
	at org.apache.catalina.valves.ErrorReportValve.invoke(ErrorReportValve.java:81)
	at org.apache.catalina.core.StandardEngineValve.invoke(StandardEngineValve.java:87)
	at org.apache.catalina.connector.CoyoteAdapter.service(CoyoteAdapter.java:342)
	at org.apache.coyote.http11.Http11Processor.service(Http11Processor.java:803)
	at org.apache.coyote.AbstractProcessorLight.process(AbstractProcessorLight.java:66)
	at org.apache.coyote.AbstractProtocol$ConnectionHandler.process(AbstractProtocol.java:790)
	at org.apache.tomcat.util.net.NioEndpoint$SocketProcessor.doRun(NioEndpoint.java:1459)
	at org.apache.tomcat.util.net.SocketProcessorBase.run(SocketProcessorBase.java:49)
	at java.util.concurrent.ThreadPoolExecutor.runWorker(ThreadPoolExecutor.java:1149)
	at java.util.concurrent.ThreadPoolExecutor$Worker.run(ThreadPoolExecutor.java:624)
	at org.apache.tomcat.util.threads.TaskThread$WrappingRunnable.run(TaskThread.java:61)
	at java.lang.Thread.run(Thread.java:748)
2020-01-05 20:14:41.227 [nioEventLoopGroup-3-2] INFO  c.f.jlbatross.config.netty.WebSocketServerHandler - 客户端加入连接：[id: 0xf3fe2272, /0:0:0:0:0:0:0:1:53550 => /0:0:0:0:0:0:0:1:8081]
2020-01-05 20:14:53.540 [Thread-9] INFO  o.s.b.w.s.c.AnnotationConfigServletWebServerApplicationContext - Closing org.springframework.boot.web.servlet.context.AnnotationConfigServletWebServerApplicationContext@5e81e5ac: startup date [Sun Jan 05 19:56:47 GMT+13:00 2020]; root of context hierarchy
2020-01-05 20:14:53.545 [Thread-9] INFO  o.s.jmx.export.annotation.AnnotationMBeanExporter - Unregistering JMX-exposed beans on shutdown
2020-01-05 20:14:59.589 [main] INFO  com.freedom.jlbatross.JlbatrossApplication - Starting JlbatrossApplication on WIN-7 with PID 10460 (D:\IdeaProjects\jlbatross\target\classes started by Administrator in D:\IdeaProjects\jlbatross)
2020-01-05 20:14:59.595 [main] INFO  com.freedom.jlbatross.JlbatrossApplication - No active profile set, falling back to default profiles: default
2020-01-05 20:14:59.685 [main] INFO  o.s.b.w.s.c.AnnotationConfigServletWebServerApplicationContext - Refreshing org.springframework.boot.web.servlet.context.AnnotationConfigServletWebServerApplicationContext@77b14724: startup date [Sun Jan 05 20:14:59 GMT+13:00 2020]; root of context hierarchy
2020-01-05 20:15:00.410 [main] INFO  o.s.boot.web.embedded.tomcat.TomcatWebServer - Tomcat initialized with port(s): 8080 (http)
2020-01-05 20:15:00.422 [main] INFO  org.apache.coyote.http11.Http11NioProtocol - Initializing ProtocolHandler ["http-nio-8080"]
2020-01-05 20:15:00.430 [main] INFO  org.apache.catalina.core.StandardService - Starting service [Tomcat]
2020-01-05 20:15:00.430 [main] INFO  org.apache.catalina.core.StandardEngine - Starting Servlet Engine: Apache Tomcat/8.5.28
2020-01-05 20:15:00.434 [localhost-startStop-1] INFO  org.apache.catalina.core.AprLifecycleListener - The APR based Apache Tomcat Native library which allows optimal performance in production environments was not found on the java.library.path: [D:\workspace\Java\jdk1.8.0_161\bin;C:\windows\Sun\Java\bin;C:\windows\system32;C:\windows;D:\Program Files (x86)\NetSarang\Xshell 6\;C:\Program Files (x86)\Common Files\Oracle\Java\javapath;C:\ProgramData\Oracle\Java\javapath;C:\windows\system32;C:\windows;C:\windows\System32\Wbem;C:\windows\System32\WindowsPowerShell\v1.0\;D:\workspace\Java\jdk1.8.0_161\bin;D:\workspace\Java\jdk1.8.0_161\jre\bin;D:\workspace\apache-maven-3.3.9\bin;C:\Program Files (x86)\Microsoft SQL Server\100\Tools\Binn\;C:\Program Files\Microsoft SQL Server\100\Tools\Binn\;C:\Program Files\Microsoft SQL Server\100\DTS\Binn\;D:\Program Files\TortoiseGit\bin;D:\Program Files\Git\cmd;;.]
2020-01-05 20:15:00.518 [localhost-startStop-1] INFO  o.a.c.core.ContainerBase.[Tomcat].[localhost].[/] - Initializing Spring embedded WebApplicationContext
2020-01-05 20:15:00.519 [localhost-startStop-1] INFO  org.springframework.web.context.ContextLoader - Root WebApplicationContext: initialization completed in 834 ms
2020-01-05 20:15:00.639 [localhost-startStop-1] INFO  o.s.boot.web.servlet.ServletRegistrationBean - Servlet dispatcherServlet mapped to [/]
2020-01-05 20:15:00.643 [localhost-startStop-1] INFO  o.s.boot.web.servlet.FilterRegistrationBean - Mapping filter: 'characterEncodingFilter' to: [/*]
2020-01-05 20:15:00.643 [localhost-startStop-1] INFO  o.s.boot.web.servlet.FilterRegistrationBean - Mapping filter: 'hiddenHttpMethodFilter' to: [/*]
2020-01-05 20:15:00.643 [localhost-startStop-1] INFO  o.s.boot.web.servlet.FilterRegistrationBean - Mapping filter: 'httpPutFormContentFilter' to: [/*]
2020-01-05 20:15:00.643 [localhost-startStop-1] INFO  o.s.boot.web.servlet.FilterRegistrationBean - Mapping filter: 'requestContextFilter' to: [/*]
2020-01-05 20:15:00.954 [main] INFO  o.s.w.s.m.m.a.RequestMappingHandlerAdapter - Looking for @ControllerAdvice: org.springframework.boot.web.servlet.context.AnnotationConfigServletWebServerApplicationContext@77b14724: startup date [Sun Jan 05 20:14:59 GMT+13:00 2020]; root of context hierarchy
2020-01-05 20:15:01.013 [main] INFO  o.s.w.s.m.m.a.RequestMappingHandlerMapping - Mapped "{[/],methods=[GET]}" onto public org.springframework.web.servlet.ModelAndView com.freedom.jlbatross.controller.JlbatrollController.console(org.springframework.web.servlet.ModelAndView)
2020-01-05 20:15:01.014 [main] INFO  o.s.w.s.m.m.a.RequestMappingHandlerMapping - Mapped "{[/automation],methods=[GET]}" onto public void com.freedom.jlbatross.controller.JlbatrollController.automation()
2020-01-05 20:15:01.015 [main] INFO  o.s.w.s.m.m.a.RequestMappingHandlerMapping - Mapped "{[/deploy],methods=[GET]}" onto public void com.freedom.jlbatross.controller.JlbatrollController.sendMst(org.springframework.web.servlet.ModelAndView)
2020-01-05 20:15:01.019 [main] INFO  o.s.w.s.m.m.a.RequestMappingHandlerMapping - Mapped "{[/error]}" onto public org.springframework.http.ResponseEntity<java.util.Map<java.lang.String, java.lang.Object>> org.springframework.boot.autoconfigure.web.servlet.error.BasicErrorController.error(javax.servlet.http.HttpServletRequest)
2020-01-05 20:15:01.020 [main] INFO  o.s.w.s.m.m.a.RequestMappingHandlerMapping - Mapped "{[/error],produces=[text/html]}" onto public org.springframework.web.servlet.ModelAndView org.springframework.boot.autoconfigure.web.servlet.error.BasicErrorController.errorHtml(javax.servlet.http.HttpServletRequest,javax.servlet.http.HttpServletResponse)
2020-01-05 20:15:01.051 [main] INFO  o.s.web.servlet.handler.SimpleUrlHandlerMapping - Mapped URL path [/webjars/**] onto handler of type [class org.springframework.web.servlet.resource.ResourceHttpRequestHandler]
2020-01-05 20:15:01.051 [main] INFO  o.s.web.servlet.handler.SimpleUrlHandlerMapping - Mapped URL path [/**] onto handler of type [class org.springframework.web.servlet.resource.ResourceHttpRequestHandler]
2020-01-05 20:15:01.083 [main] INFO  o.s.web.servlet.handler.SimpleUrlHandlerMapping - Mapped URL path [/**/favicon.ico] onto handler of type [class org.springframework.web.servlet.resource.ResourceHttpRequestHandler]
2020-01-05 20:15:01.213 [main] INFO  o.s.w.servlet.view.freemarker.FreeMarkerConfigurer - ClassTemplateLoader for Spring macros added to FreeMarker configuration
2020-01-05 20:15:01.374 [main] INFO  o.s.jmx.export.annotation.AnnotationMBeanExporter - Registering beans for JMX exposure on startup
2020-01-05 20:15:01.388 [main] INFO  org.apache.coyote.http11.Http11NioProtocol - Starting ProtocolHandler ["http-nio-8080"]
2020-01-05 20:15:01.390 [main] INFO  org.apache.tomcat.util.net.NioSelectorPool - Using a shared selector for servlet write/read
2020-01-05 20:15:01.407 [main] INFO  o.s.boot.web.embedded.tomcat.TomcatWebServer - Tomcat started on port(s): 8080 (http) with context path ''
2020-01-05 20:15:01.410 [main] INFO  com.freedom.jlbatross.JlbatrossApplication - Started JlbatrossApplication in 2.299 seconds (JVM running for 3.118)
2020-01-05 20:16:05.468 [http-nio-8080-exec-1] INFO  o.a.c.core.ContainerBase.[Tomcat].[localhost].[/] - Initializing Spring FrameworkServlet 'dispatcherServlet'
2020-01-05 20:16:05.469 [http-nio-8080-exec-1] INFO  org.springframework.web.servlet.DispatcherServlet - FrameworkServlet 'dispatcherServlet': initialization started
2020-01-05 20:16:05.489 [http-nio-8080-exec-1] INFO  org.springframework.web.servlet.DispatcherServlet - FrameworkServlet 'dispatcherServlet': initialization completed in 20 ms
2020-01-05 20:16:52.393 [Thread-7] INFO  o.s.b.w.s.c.AnnotationConfigServletWebServerApplicationContext - Closing org.springframework.boot.web.servlet.context.AnnotationConfigServletWebServerApplicationContext@77b14724: startup date [Sun Jan 05 20:14:59 GMT+13:00 2020]; root of context hierarchy
2020-01-05 20:16:52.394 [Thread-7] INFO  o.s.jmx.export.annotation.AnnotationMBeanExporter - Unregistering JMX-exposed beans on shutdown
2020-01-05 20:17:10.328 [main] INFO  com.freedom.jlbatross.JlbatrossApplication - Starting JlbatrossApplication on WIN-7 with PID 7784 (D:\IdeaProjects\jlbatross\target\classes started by Administrator in D:\IdeaProjects\jlbatross)
2020-01-05 20:17:10.331 [main] INFO  com.freedom.jlbatross.JlbatrossApplication - No active profile set, falling back to default profiles: default
2020-01-05 20:17:10.364 [main] INFO  o.s.b.w.s.c.AnnotationConfigServletWebServerApplicationContext - Refreshing org.springframework.boot.web.servlet.context.AnnotationConfigServletWebServerApplicationContext@2826f61: startup date [Sun Jan 05 20:17:10 GMT+13:00 2020]; root of context hierarchy
2020-01-05 20:17:11.183 [main] INFO  o.s.boot.web.embedded.tomcat.TomcatWebServer - Tomcat initialized with port(s): 8080 (http)
2020-01-05 20:17:11.195 [main] INFO  org.apache.coyote.http11.Http11NioProtocol - Initializing ProtocolHandler ["http-nio-8080"]
2020-01-05 20:17:11.203 [main] INFO  org.apache.catalina.core.StandardService - Starting service [Tomcat]
2020-01-05 20:17:11.203 [main] INFO  org.apache.catalina.core.StandardEngine - Starting Servlet Engine: Apache Tomcat/8.5.28
2020-01-05 20:17:11.208 [localhost-startStop-1] INFO  org.apache.catalina.core.AprLifecycleListener - The APR based Apache Tomcat Native library which allows optimal performance in production environments was not found on the java.library.path: [D:\workspace\Java\jdk1.8.0_161\bin;C:\windows\Sun\Java\bin;C:\windows\system32;C:\windows;D:\Program Files (x86)\NetSarang\Xshell 6\;C:\Program Files (x86)\Common Files\Oracle\Java\javapath;C:\ProgramData\Oracle\Java\javapath;C:\windows\system32;C:\windows;C:\windows\System32\Wbem;C:\windows\System32\WindowsPowerShell\v1.0\;D:\workspace\Java\jdk1.8.0_161\bin;D:\workspace\Java\jdk1.8.0_161\jre\bin;D:\workspace\apache-maven-3.3.9\bin;C:\Program Files (x86)\Microsoft SQL Server\100\Tools\Binn\;C:\Program Files\Microsoft SQL Server\100\Tools\Binn\;C:\Program Files\Microsoft SQL Server\100\DTS\Binn\;D:\Program Files\TortoiseGit\bin;D:\Program Files\Git\cmd;;.]
2020-01-05 20:17:11.294 [localhost-startStop-1] INFO  o.a.c.core.ContainerBase.[Tomcat].[localhost].[/] - Initializing Spring embedded WebApplicationContext
2020-01-05 20:17:11.294 [localhost-startStop-1] INFO  org.springframework.web.context.ContextLoader - Root WebApplicationContext: initialization completed in 930 ms
2020-01-05 20:17:11.444 [localhost-startStop-1] INFO  o.s.boot.web.servlet.ServletRegistrationBean - Servlet dispatcherServlet mapped to [/]
2020-01-05 20:17:11.449 [localhost-startStop-1] INFO  o.s.boot.web.servlet.FilterRegistrationBean - Mapping filter: 'characterEncodingFilter' to: [/*]
2020-01-05 20:17:11.449 [localhost-startStop-1] INFO  o.s.boot.web.servlet.FilterRegistrationBean - Mapping filter: 'hiddenHttpMethodFilter' to: [/*]
2020-01-05 20:17:11.450 [localhost-startStop-1] INFO  o.s.boot.web.servlet.FilterRegistrationBean - Mapping filter: 'httpPutFormContentFilter' to: [/*]
2020-01-05 20:17:11.450 [localhost-startStop-1] INFO  o.s.boot.web.servlet.FilterRegistrationBean - Mapping filter: 'requestContextFilter' to: [/*]
2020-01-05 20:17:11.796 [main] INFO  o.s.w.s.m.m.a.RequestMappingHandlerAdapter - Looking for @ControllerAdvice: org.springframework.boot.web.servlet.context.AnnotationConfigServletWebServerApplicationContext@2826f61: startup date [Sun Jan 05 20:17:10 GMT+13:00 2020]; root of context hierarchy
2020-01-05 20:17:11.849 [main] INFO  o.s.w.s.m.m.a.RequestMappingHandlerMapping - Mapped "{[/],methods=[GET]}" onto public org.springframework.web.servlet.ModelAndView com.freedom.jlbatross.controller.JlbatrollController.console(org.springframework.web.servlet.ModelAndView)
2020-01-05 20:17:11.849 [main] INFO  o.s.w.s.m.m.a.RequestMappingHandlerMapping - Mapped "{[/automation],methods=[GET]}" onto public void com.freedom.jlbatross.controller.JlbatrollController.automation()
2020-01-05 20:17:11.850 [main] INFO  o.s.w.s.m.m.a.RequestMappingHandlerMapping - Mapped "{[/deploy],methods=[GET]}" onto public void com.freedom.jlbatross.controller.JlbatrollController.sendMst(org.springframework.web.servlet.ModelAndView)
2020-01-05 20:17:11.853 [main] INFO  o.s.w.s.m.m.a.RequestMappingHandlerMapping - Mapped "{[/error]}" onto public org.springframework.http.ResponseEntity<java.util.Map<java.lang.String, java.lang.Object>> org.springframework.boot.autoconfigure.web.servlet.error.BasicErrorController.error(javax.servlet.http.HttpServletRequest)
2020-01-05 20:17:11.854 [main] INFO  o.s.w.s.m.m.a.RequestMappingHandlerMapping - Mapped "{[/error],produces=[text/html]}" onto public org.springframework.web.servlet.ModelAndView org.springframework.boot.autoconfigure.web.servlet.error.BasicErrorController.errorHtml(javax.servlet.http.HttpServletRequest,javax.servlet.http.HttpServletResponse)
2020-01-05 20:17:11.885 [main] INFO  o.s.web.servlet.handler.SimpleUrlHandlerMapping - Mapped URL path [/webjars/**] onto handler of type [class org.springframework.web.servlet.resource.ResourceHttpRequestHandler]
2020-01-05 20:17:11.885 [main] INFO  o.s.web.servlet.handler.SimpleUrlHandlerMapping - Mapped URL path [/**] onto handler of type [class org.springframework.web.servlet.resource.ResourceHttpRequestHandler]
2020-01-05 20:17:11.918 [main] INFO  o.s.web.servlet.handler.SimpleUrlHandlerMapping - Mapped URL path [/**/favicon.ico] onto handler of type [class org.springframework.web.servlet.resource.ResourceHttpRequestHandler]
2020-01-05 20:17:12.049 [main] INFO  o.s.w.servlet.view.freemarker.FreeMarkerConfigurer - ClassTemplateLoader for Spring macros added to FreeMarker configuration
2020-01-05 20:17:12.224 [main] INFO  o.s.jmx.export.annotation.AnnotationMBeanExporter - Registering beans for JMX exposure on startup
2020-01-05 20:17:12.236 [main] INFO  org.apache.coyote.http11.Http11NioProtocol - Starting ProtocolHandler ["http-nio-8080"]
2020-01-05 20:17:12.239 [main] INFO  org.apache.tomcat.util.net.NioSelectorPool - Using a shared selector for servlet write/read
2020-01-05 20:17:12.257 [main] INFO  o.s.boot.web.embedded.tomcat.TomcatWebServer - Tomcat started on port(s): 8080 (http) with context path ''
2020-01-05 20:17:12.260 [main] INFO  com.freedom.jlbatross.JlbatrossApplication - Started JlbatrossApplication in 2.541 seconds (JVM running for 3.545)
2020-01-05 20:17:12.353 [http-nio-8080-exec-1] INFO  o.a.c.core.ContainerBase.[Tomcat].[localhost].[/] - Initializing Spring FrameworkServlet 'dispatcherServlet'
2020-01-05 20:17:12.353 [http-nio-8080-exec-1] INFO  org.springframework.web.servlet.DispatcherServlet - FrameworkServlet 'dispatcherServlet': initialization started
2020-01-05 20:17:12.376 [http-nio-8080-exec-1] INFO  org.springframework.web.servlet.DispatcherServlet - FrameworkServlet 'dispatcherServlet': initialization completed in 22 ms
2020-01-05 20:17:13.147 [nioEventLoopGroup-3-1] INFO  c.f.jlbatross.config.netty.WebSocketServerHandler - 客户端加入连接：[id: 0x92241d8e, /0:0:0:0:0:0:0:1:61938 => /0:0:0:0:0:0:0:1:8081]
2020-01-05 20:50:35.793 [Thread-8] INFO  o.s.b.w.s.c.AnnotationConfigServletWebServerApplicationContext - Closing org.springframework.boot.web.servlet.context.AnnotationConfigServletWebServerApplicationContext@2826f61: startup date [Sun Jan 05 20:17:10 GMT+13:00 2020]; root of context hierarchy
2020-01-05 20:50:35.797 [Thread-8] INFO  o.s.jmx.export.annotation.AnnotationMBeanExporter - Unregistering JMX-exposed beans on shutdown
2020-01-05 20:50:41.552 [main] INFO  com.freedom.jlbatross.JlbatrossApplication - Starting JlbatrossApplication on WIN-7 with PID 10684 (D:\IdeaProjects\jlbatross\target\classes started by Administrator in D:\IdeaProjects\jlbatross)
2020-01-05 20:50:41.556 [main] INFO  com.freedom.jlbatross.JlbatrossApplication - No active profile set, falling back to default profiles: default
2020-01-05 20:50:41.596 [main] INFO  o.s.b.w.s.c.AnnotationConfigServletWebServerApplicationContext - Refreshing org.springframework.boot.web.servlet.context.AnnotationConfigServletWebServerApplicationContext@ebaa6cb: startup date [Sun Jan 05 20:50:41 GMT+13:00 2020]; root of context hierarchy
2020-01-05 20:50:42.321 [main] INFO  o.s.boot.web.embedded.tomcat.TomcatWebServer - Tomcat initialized with port(s): 8080 (http)
2020-01-05 20:50:42.331 [main] INFO  org.apache.coyote.http11.Http11NioProtocol - Initializing ProtocolHandler ["http-nio-8080"]
2020-01-05 20:50:42.339 [main] INFO  org.apache.catalina.core.StandardService - Starting service [Tomcat]
2020-01-05 20:50:42.339 [main] INFO  org.apache.catalina.core.StandardEngine - Starting Servlet Engine: Apache Tomcat/8.5.28
2020-01-05 20:50:42.343 [localhost-startStop-1] INFO  org.apache.catalina.core.AprLifecycleListener - The APR based Apache Tomcat Native library which allows optimal performance in production environments was not found on the java.library.path: [D:\workspace\Java\jdk1.8.0_161\bin;C:\windows\Sun\Java\bin;C:\windows\system32;C:\windows;D:\Program Files (x86)\NetSarang\Xshell 6\;C:\Program Files (x86)\Common Files\Oracle\Java\javapath;C:\ProgramData\Oracle\Java\javapath;C:\windows\system32;C:\windows;C:\windows\System32\Wbem;C:\windows\System32\WindowsPowerShell\v1.0\;D:\workspace\Java\jdk1.8.0_161\bin;D:\workspace\Java\jdk1.8.0_161\jre\bin;D:\workspace\apache-maven-3.3.9\bin;C:\Program Files (x86)\Microsoft SQL Server\100\Tools\Binn\;C:\Program Files\Microsoft SQL Server\100\Tools\Binn\;C:\Program Files\Microsoft SQL Server\100\DTS\Binn\;D:\Program Files\TortoiseGit\bin;D:\Program Files\Git\cmd;;.]
2020-01-05 20:50:42.431 [localhost-startStop-1] INFO  o.a.c.core.ContainerBase.[Tomcat].[localhost].[/] - Initializing Spring embedded WebApplicationContext
2020-01-05 20:50:42.431 [localhost-startStop-1] INFO  org.springframework.web.context.ContextLoader - Root WebApplicationContext: initialization completed in 835 ms
2020-01-05 20:50:42.555 [localhost-startStop-1] INFO  o.s.boot.web.servlet.ServletRegistrationBean - Servlet dispatcherServlet mapped to [/]
2020-01-05 20:50:42.559 [localhost-startStop-1] INFO  o.s.boot.web.servlet.FilterRegistrationBean - Mapping filter: 'characterEncodingFilter' to: [/*]
2020-01-05 20:50:42.560 [localhost-startStop-1] INFO  o.s.boot.web.servlet.FilterRegistrationBean - Mapping filter: 'hiddenHttpMethodFilter' to: [/*]
2020-01-05 20:50:42.560 [localhost-startStop-1] INFO  o.s.boot.web.servlet.FilterRegistrationBean - Mapping filter: 'httpPutFormContentFilter' to: [/*]
2020-01-05 20:50:42.560 [localhost-startStop-1] INFO  o.s.boot.web.servlet.FilterRegistrationBean - Mapping filter: 'requestContextFilter' to: [/*]
2020-01-05 20:50:42.878 [main] INFO  o.s.w.s.m.m.a.RequestMappingHandlerAdapter - Looking for @ControllerAdvice: org.springframework.boot.web.servlet.context.AnnotationConfigServletWebServerApplicationContext@ebaa6cb: startup date [Sun Jan 05 20:50:41 GMT+13:00 2020]; root of context hierarchy
2020-01-05 20:50:42.933 [main] INFO  o.s.w.s.m.m.a.RequestMappingHandlerMapping - Mapped "{[/],methods=[GET]}" onto public org.springframework.web.servlet.ModelAndView com.freedom.jlbatross.controller.JlbatrollController.console(org.springframework.web.servlet.ModelAndView)
2020-01-05 20:50:42.934 [main] INFO  o.s.w.s.m.m.a.RequestMappingHandlerMapping - Mapped "{[/automation],methods=[GET]}" onto public void com.freedom.jlbatross.controller.JlbatrollController.automation()
2020-01-05 20:50:42.934 [main] INFO  o.s.w.s.m.m.a.RequestMappingHandlerMapping - Mapped "{[/deploy],methods=[GET]}" onto public void com.freedom.jlbatross.controller.JlbatrollController.sendMst(org.springframework.web.servlet.ModelAndView)
2020-01-05 20:50:42.938 [main] INFO  o.s.w.s.m.m.a.RequestMappingHandlerMapping - Mapped "{[/error]}" onto public org.springframework.http.ResponseEntity<java.util.Map<java.lang.String, java.lang.Object>> org.springframework.boot.autoconfigure.web.servlet.error.BasicErrorController.error(javax.servlet.http.HttpServletRequest)
2020-01-05 20:50:42.939 [main] INFO  o.s.w.s.m.m.a.RequestMappingHandlerMapping - Mapped "{[/error],produces=[text/html]}" onto public org.springframework.web.servlet.ModelAndView org.springframework.boot.autoconfigure.web.servlet.error.BasicErrorController.errorHtml(javax.servlet.http.HttpServletRequest,javax.servlet.http.HttpServletResponse)
2020-01-05 20:50:42.969 [main] INFO  o.s.web.servlet.handler.SimpleUrlHandlerMapping - Mapped URL path [/webjars/**] onto handler of type [class org.springframework.web.servlet.resource.ResourceHttpRequestHandler]
2020-01-05 20:50:42.969 [main] INFO  o.s.web.servlet.handler.SimpleUrlHandlerMapping - Mapped URL path [/**] onto handler of type [class org.springframework.web.servlet.resource.ResourceHttpRequestHandler]
2020-01-05 20:50:43.002 [main] INFO  o.s.web.servlet.handler.SimpleUrlHandlerMapping - Mapped URL path [/**/favicon.ico] onto handler of type [class org.springframework.web.servlet.resource.ResourceHttpRequestHandler]
2020-01-05 20:50:43.130 [main] INFO  o.s.w.servlet.view.freemarker.FreeMarkerConfigurer - ClassTemplateLoader for Spring macros added to FreeMarker configuration
2020-01-05 20:50:43.286 [main] INFO  o.s.jmx.export.annotation.AnnotationMBeanExporter - Registering beans for JMX exposure on startup
2020-01-05 20:50:43.298 [main] INFO  org.apache.coyote.http11.Http11NioProtocol - Starting ProtocolHandler ["http-nio-8080"]
2020-01-05 20:50:43.305 [main] INFO  org.apache.tomcat.util.net.NioSelectorPool - Using a shared selector for servlet write/read
2020-01-05 20:50:43.336 [main] INFO  o.s.boot.web.embedded.tomcat.TomcatWebServer - Tomcat started on port(s): 8080 (http) with context path ''
2020-01-05 20:50:43.339 [main] INFO  com.freedom.jlbatross.JlbatrossApplication - Started JlbatrossApplication in 2.405 seconds (JVM running for 3.194)
2020-01-05 20:50:45.926 [http-nio-8080-exec-1] INFO  o.a.c.core.ContainerBase.[Tomcat].[localhost].[/] - Initializing Spring FrameworkServlet 'dispatcherServlet'
2020-01-05 20:50:45.926 [http-nio-8080-exec-1] INFO  org.springframework.web.servlet.DispatcherServlet - FrameworkServlet 'dispatcherServlet': initialization started
2020-01-05 20:50:45.945 [http-nio-8080-exec-1] INFO  org.springframework.web.servlet.DispatcherServlet - FrameworkServlet 'dispatcherServlet': initialization completed in 19 ms
2020-01-05 20:50:46.066 [nioEventLoopGroup-3-1] INFO  c.f.jlbatross.config.netty.WebSocketServerHandler - 客户端加入连接：[id: 0xb61ec12a, /0:0:0:0:0:0:0:1:53149 => /0:0:0:0:0:0:0:1:8081]
2020-01-05 21:03:46.804 [Thread-7] INFO  o.s.b.w.s.c.AnnotationConfigServletWebServerApplicationContext - Closing org.springframework.boot.web.servlet.context.AnnotationConfigServletWebServerApplicationContext@ebaa6cb: startup date [Sun Jan 05 20:50:41 GMT+13:00 2020]; root of context hierarchy
2020-01-05 21:03:46.808 [Thread-7] INFO  o.s.jmx.export.annotation.AnnotationMBeanExporter - Unregistering JMX-exposed beans on shutdown
